<?xml version="1.0" encoding="UTF-8"?>
<testng-results ignored="0" total="2" passed="2" failed="0" skipped="0">
  <reporter-output>
  </reporter-output>
  <suite started-at="2023-03-01T23:44:55 EST" name="Default suite" finished-at="2023-03-01T23:44:55 EST" duration-ms="79">
    <groups>
    </groups>
    <test started-at="2023-03-01T23:44:55 EST" name="Default test" finished-at="2023-03-01T23:44:55 EST" duration-ms="79">
      <class name="com.testngProject.example1">
        <test-method signature="test0002()[pri:0, instance:com.testngProject.example1@159f197]" started-at="2023-03-01T23:44:55 EST" name="test0002" finished-at="2023-03-01T23:44:55 EST" duration-ms="17" status="PASS">
          <reporter-output>
          </reporter-output>
        </test-method> <!-- test0002 -->
        <test-method signature="tests001()[pri:0, instance:com.testngProject.example1@159f197]" started-at="2023-03-01T23:44:55 EST" name="tests001" finished-at="2023-03-01T23:44:55 EST" duration-ms="2" status="PASS">
          <reporter-output>
          </reporter-output>
        </test-method> <!-- tests001 -->
      </class> <!-- com.testngProject.example1 -->
    </test> <!-- Default test -->
  </suite> <!-- Default suite -->
</testng-results>
